<?xml version="1.0" encoding="UTF-8"?>
<!-- Generated by org.testng.reporters.JUnitReportReporter -->
<testsuite hostname="shrishti" name="SignInPageTest" tests="1" failures="0" timestamp="10 Aug 2017 11:16:51 GMT" time="13.009" errors="0">
  <testcase name="Sigin" time="13.009" classname="SignInPageTest"/>
</testsuite>
