<?xml version="1.0" encoding="UTF-8"?>
<testsuite name="SignInPageTest" tests="1" skipped="0" failures="0" errors="0" timestamp="2017-08-10T11:08:36" hostname="shrishti" time="8.044">
  <properties/>
  <testcase name="Sigin" classname="SignInPageTest" time="8.044"/>
  <system-out><![CDATA[]]></system-out>
  <system-err><![CDATA[]]></system-err>
</testsuite>
